2026-04-19 22:42:49 INFO  hooks.Hooks - Starting Scenario: EndToEnd
2026-04-19 22:42:50 INFO  stepDefinitions.Steps - User is on login page
2026-04-19 22:42:50 INFO  stepDefinitions.Steps - Entering credentials
2026-04-19 22:43:04 ERROR hooks.Hooks - Scenario Failed: EndToEnd
2026-04-19 22:43:44 INFO  hooks.Hooks - Starting Scenario: EndToEnd
2026-04-19 22:43:45 INFO  stepDefinitions.Steps - User is on login page
2026-04-19 22:43:45 INFO  stepDefinitions.Steps - Entering credentials
2026-04-19 22:43:50 ERROR hooks.Hooks - Scenario Failed: EndToEnd
2026-04-19 22:45:16 INFO  hooks.Hooks - Starting Scenario: EndToEnd
2026-04-19 22:45:18 INFO  stepDefinitions.Steps - User is on login page
2026-04-19 22:45:19 INFO  stepDefinitions.Steps - Entering credentials
2026-04-19 22:45:23 ERROR hooks.Hooks - Scenario Failed: EndToEnd
2026-04-19 22:48:39 INFO  hooks.Hooks - Starting Scenario: EndToEnd
2026-04-19 22:48:41 INFO  stepDefinitions.Steps - User is on login page
2026-04-19 22:48:41 INFO  stepDefinitions.Steps - Entering credentials
2026-04-19 22:48:45 ERROR hooks.Hooks - Scenario Failed: EndToEnd
2026-04-19 22:49:49 INFO  hooks.Hooks - Starting Scenario: EndToEnd
2026-04-19 22:49:52 INFO  stepDefinitions.Steps - User is on login page
2026-04-19 22:49:53 INFO  stepDefinitions.Steps - Entering credentials
2026-04-19 22:50:06 ERROR hooks.Hooks - Scenario Failed: EndToEnd
2026-04-19 22:50:46 INFO  hooks.Hooks - Starting Scenario: EndToEnd
2026-04-19 22:50:47 INFO  stepDefinitions.Steps - User is on login page
2026-04-19 22:50:48 INFO  stepDefinitions.Steps - Entering credentials
2026-04-19 22:50:53 ERROR hooks.Hooks - Scenario Failed: EndToEnd
2026-04-19 22:51:36 INFO  hooks.Hooks - Starting Scenario: EndToEnd
2026-04-19 22:51:39 INFO  stepDefinitions.Steps - User is on login page
2026-04-19 22:51:39 INFO  stepDefinitions.Steps - Entering credentials
2026-04-19 22:51:46 INFO  stepDefinitions.Steps - looking a product details
2026-04-19 22:51:47 INFO  stepDefinitions.Steps - Adding a product to cart
2026-04-19 22:51:58 ERROR hooks.Hooks - Scenario Failed: EndToEnd
2026-04-19 22:52:33 INFO  hooks.Hooks - Starting Scenario: EndToEnd
2026-04-19 22:52:35 INFO  stepDefinitions.Steps - User is on login page
2026-04-19 22:52:35 INFO  stepDefinitions.Steps - Entering credentials
2026-04-19 22:52:38 ERROR hooks.Hooks - Scenario Failed: EndToEnd
2026-04-19 22:53:23 INFO  hooks.Hooks - Starting Scenario: EndToEnd
2026-04-19 22:53:24 INFO  stepDefinitions.Steps - User is on login page
2026-04-19 22:53:24 INFO  stepDefinitions.Steps - Entering credentials
2026-04-19 22:53:38 INFO  stepDefinitions.Steps - looking a product details
2026-04-19 22:53:39 INFO  stepDefinitions.Steps - Adding a product to cart
2026-04-19 22:53:50 ERROR hooks.Hooks - Scenario Failed: EndToEnd
2026-04-19 22:57:36 INFO  hooks.Hooks - Starting Scenario: EndToEnd
2026-04-19 22:57:37 INFO  stepDefinitions.Steps - User is on login page
2026-04-19 22:57:38 INFO  stepDefinitions.Steps - Entering credentials
2026-04-19 22:57:42 INFO  stepDefinitions.Steps - looking a product details
2026-04-19 22:57:43 INFO  stepDefinitions.Steps - Adding a product to cart
2026-04-19 22:57:44 ERROR hooks.Hooks - Scenario Failed: EndToEnd
2026-04-19 23:01:03 INFO  hooks.Hooks - Starting Scenario: EndToEnd
2026-04-19 23:01:06 INFO  stepDefinitions.Steps - User is on login page
2026-04-19 23:01:06 INFO  stepDefinitions.Steps - Entering credentials
2026-04-19 23:01:10 INFO  stepDefinitions.Steps - looking a product details
2026-04-19 23:01:11 INFO  stepDefinitions.Steps - Adding a product to cart
2026-04-19 23:01:12 ERROR hooks.Hooks - Scenario Failed: EndToEnd
2026-04-20 14:55:40 INFO  hooks.Hooks - Starting Scenario: EndToEnd
2026-04-20 14:55:44 INFO  stepDefinitions.Steps - User is on login page
2026-04-20 14:55:44 INFO  stepDefinitions.Steps - Entering credentials
2026-04-20 14:55:51 ERROR hooks.Hooks - Scenario Failed: EndToEnd
2026-04-20 14:56:43 INFO  hooks.Hooks - Starting Scenario: EndToEnd
2026-04-20 14:56:45 INFO  stepDefinitions.Steps - User is on login page
2026-04-20 14:56:46 INFO  stepDefinitions.Steps - Entering credentials
2026-04-20 14:56:58 INFO  stepDefinitions.Steps - looking a product details
2026-04-20 14:56:59 INFO  stepDefinitions.Steps - Adding a product to cart
2026-04-20 14:57:00 INFO  stepDefinitions.Steps - user clicks checkout
2026-04-20 14:57:07 INFO  stepDefinitions.Steps - user enter payment details
2026-04-20 14:57:19 ERROR hooks.Hooks - Scenario Failed: EndToEnd
2026-04-20 14:58:01 INFO  hooks.Hooks - Starting Scenario: EndToEnd
2026-04-20 14:58:03 INFO  stepDefinitions.Steps - User is on login page
2026-04-20 14:58:03 INFO  stepDefinitions.Steps - Entering credentials
2026-04-20 14:58:09 INFO  stepDefinitions.Steps - looking a product details
2026-04-20 14:58:10 INFO  stepDefinitions.Steps - Adding a product to cart
2026-04-20 14:58:11 ERROR hooks.Hooks - Scenario Failed: EndToEnd
2026-04-20 14:58:43 INFO  hooks.Hooks - Starting Scenario: EndToEnd
2026-04-20 14:58:45 INFO  stepDefinitions.Steps - User is on login page
2026-04-20 14:58:45 INFO  stepDefinitions.Steps - Entering credentials
2026-04-20 14:58:53 INFO  stepDefinitions.Steps - looking a product details
2026-04-20 14:58:54 INFO  stepDefinitions.Steps - Adding a product to cart
2026-04-20 14:58:56 ERROR hooks.Hooks - Scenario Failed: EndToEnd
2026-04-20 15:03:13 INFO  hooks.Hooks - Starting Scenario: EndToEnd
2026-04-20 15:03:15 INFO  stepDefinitions.Steps - User is on login page
2026-04-20 15:03:16 INFO  stepDefinitions.Steps - Entering credentials
2026-04-20 15:03:23 ERROR hooks.Hooks - Scenario Failed: EndToEnd
2026-04-20 15:04:08 INFO  hooks.Hooks - Starting Scenario: EndToEnd
2026-04-20 15:04:11 INFO  stepDefinitions.Steps - User is on login page
2026-04-20 15:04:11 INFO  stepDefinitions.Steps - Entering credentials
2026-04-20 15:04:21 INFO  stepDefinitions.Steps - looking a product details
2026-04-20 15:04:22 ERROR hooks.Hooks - Scenario Failed: EndToEnd
2026-04-20 15:05:33 INFO  hooks.Hooks - Starting Scenario: EndToEnd
2026-04-20 15:05:35 INFO  stepDefinitions.Steps - User is on login page
2026-04-20 15:05:35 INFO  stepDefinitions.Steps - Entering credentials
2026-04-20 15:05:48 INFO  stepDefinitions.Steps - looking a product details
2026-04-20 15:05:50 ERROR hooks.Hooks - Scenario Failed: EndToEnd
2026-04-20 15:15:15 INFO  hooks.Hooks - Starting Scenario: EndToEnd
2026-04-20 15:15:16 INFO  stepDefinitions.Steps - User is on login page
2026-04-20 15:15:18 INFO  stepDefinitions.Steps - Entering credentials
2026-04-20 15:15:30 INFO  stepDefinitions.Steps - looking a product details
2026-04-20 15:15:30 ERROR hooks.Hooks - Scenario Failed: EndToEnd
2026-04-20 15:18:44 INFO  hooks.Hooks - Starting Scenario: EndToEnd
2026-04-20 15:18:46 INFO  stepDefinitions.Steps - User is on login page
2026-04-20 15:18:46 INFO  stepDefinitions.Steps - Entering credentials
2026-04-20 15:18:50 INFO  stepDefinitions.Steps - looking a product details
2026-04-20 15:18:51 INFO  stepDefinitions.Steps - Adding a product to cart
2026-04-20 15:18:53 ERROR hooks.Hooks - Scenario Failed: EndToEnd
2026-04-20 15:20:36 INFO  hooks.Hooks - Starting Scenario: EndToEnd
2026-04-20 15:20:37 INFO  stepDefinitions.Steps - User is on login page
2026-04-20 15:20:37 INFO  stepDefinitions.Steps - Entering credentials
2026-04-20 15:20:43 INFO  stepDefinitions.Steps - looking a product details
2026-04-20 15:20:43 INFO  stepDefinitions.Steps - Adding a product to cart
2026-04-20 15:20:45 ERROR hooks.Hooks - Scenario Failed: EndToEnd
2026-04-20 15:25:39 INFO  hooks.Hooks - Starting Scenario: EndToEnd
2026-04-20 15:25:43 INFO  stepDefinitions.Steps - User is on login page
2026-04-20 15:25:43 INFO  stepDefinitions.Steps - Entering credentials
2026-04-20 15:25:54 INFO  stepDefinitions.Steps - looking a product details
2026-04-20 15:25:55 INFO  stepDefinitions.Steps - Adding a product to cart
2026-04-20 15:25:55 INFO  stepDefinitions.Steps - user clicks checkout
2026-04-20 15:26:04 INFO  stepDefinitions.Steps - user enter payment details
2026-04-20 15:26:10 INFO  stepDefinitions.Steps - order placed successfully after payment
2026-04-20 15:26:10 INFO  hooks.Hooks - Scenario Passed: EndToEnd
2026-04-20 15:31:25 INFO  hooks.Hooks - Starting Scenario: EndToEnd
2026-04-20 15:31:26 INFO  stepDefinitions.Steps - User is on login page
2026-04-20 15:31:26 INFO  stepDefinitions.Steps - Entering credentials
2026-04-20 15:31:31 INFO  stepDefinitions.Steps - looking a product details
2026-04-20 15:31:32 INFO  stepDefinitions.Steps - Adding a product to cart
2026-04-20 15:31:34 ERROR hooks.Hooks - Scenario Failed: EndToEnd
2026-04-20 15:32:26 INFO  hooks.Hooks - Starting Scenario: EndToEnd
2026-04-20 15:32:28 INFO  stepDefinitions.Steps - User is on login page
2026-04-20 15:32:29 INFO  stepDefinitions.Steps - Entering credentials
2026-04-20 15:32:42 INFO  stepDefinitions.Steps - looking a product details
2026-04-20 15:32:42 INFO  stepDefinitions.Steps - Adding a product to cart
2026-04-20 15:32:43 INFO  stepDefinitions.Steps - user clicks checkout
2026-04-20 15:33:33 INFO  stepDefinitions.Steps - user enter payment details
2026-04-20 15:33:51 ERROR hooks.Hooks - Scenario Failed: EndToEnd
2026-04-20 15:34:16 INFO  hooks.Hooks - Starting Scenario: EndToEnd
2026-04-20 15:34:17 INFO  stepDefinitions.Steps - User is on login page
2026-04-20 15:34:17 INFO  stepDefinitions.Steps - Entering credentials
2026-04-20 15:34:32 INFO  stepDefinitions.Steps - looking a product details
2026-04-20 15:34:33 INFO  stepDefinitions.Steps - Adding a product to cart
2026-04-20 15:34:35 ERROR hooks.Hooks - Scenario Failed: EndToEnd
2026-04-20 15:39:38 INFO  hooks.Hooks - Starting Scenario: EndToEnd
2026-04-20 15:39:42 INFO  stepDefinitions.Steps - User is on login page
2026-04-20 15:39:42 INFO  stepDefinitions.Steps - Entering credentials
2026-04-20 15:39:52 INFO  stepDefinitions.Steps - looking a product details
2026-04-20 15:39:53 INFO  stepDefinitions.Steps - Adding a product to cart
2026-04-20 15:39:54 ERROR hooks.Hooks - Scenario Failed: EndToEnd
2026-04-20 15:44:35 INFO  hooks.Hooks - Starting Scenario: EndToEnd
2026-04-20 15:44:39 INFO  stepDefinitions.Steps - User is on login page
2026-04-20 15:44:39 INFO  stepDefinitions.Steps - Entering credentials
2026-04-20 15:44:52 INFO  stepDefinitions.Steps - looking a product details
2026-04-20 15:44:53 INFO  stepDefinitions.Steps - Adding a product to cart
2026-04-20 15:44:54 ERROR hooks.Hooks - Scenario Failed: EndToEnd
2026-04-20 15:49:08 INFO  hooks.Hooks - Starting Scenario: EndToEnd
2026-04-20 15:49:12 INFO  stepDefinitions.Steps - User is on login page
2026-04-20 15:49:12 INFO  stepDefinitions.Steps - Entering credentials
2026-04-20 15:49:18 INFO  stepDefinitions.Steps - looking a product details
2026-04-20 15:49:19 INFO  stepDefinitions.Steps - Adding a product to cart
2026-04-20 15:49:21 ERROR hooks.Hooks - Scenario Failed: EndToEnd
2026-04-20 15:54:07 INFO  hooks.Hooks - Starting Scenario: EndToEnd
2026-04-20 15:54:10 INFO  stepDefinitions.Steps - User is on login page
2026-04-20 15:54:10 INFO  stepDefinitions.Steps - Entering credentials
2026-04-20 15:54:15 INFO  stepDefinitions.Steps - looking a product details
2026-04-20 15:54:16 INFO  stepDefinitions.Steps - Adding a product to cart
2026-04-20 15:54:17 ERROR hooks.Hooks - Scenario Failed: EndToEnd
2026-04-20 16:02:37 INFO  hooks.Hooks - Starting Scenario: EndToEnd
2026-04-20 16:02:40 INFO  stepDefinitions.Steps - User is on login page
2026-04-20 16:02:40 INFO  stepDefinitions.Steps - Entering credentials
2026-04-20 16:02:55 INFO  stepDefinitions.Steps - looking a product details
2026-04-20 16:02:56 INFO  stepDefinitions.Steps - Adding a product to cart
2026-04-20 16:02:56 INFO  stepDefinitions.Steps - user clicks checkout
2026-04-20 16:03:08 INFO  stepDefinitions.Steps - user enter payment details
2026-04-20 16:03:14 INFO  stepDefinitions.Steps - order placed successfully after payment
2026-04-20 16:03:15 INFO  hooks.Hooks - Scenario Passed: EndToEnd
2026-04-20 16:04:49 INFO  hooks.Hooks - Starting Scenario: EndToEnd
2026-04-20 16:04:54 INFO  stepDefinitions.Steps - User is on login page
2026-04-20 16:04:54 INFO  stepDefinitions.Steps - Entering credentials
2026-04-20 16:05:11 INFO  stepDefinitions.Steps - looking a product details
2026-04-20 16:05:12 INFO  stepDefinitions.Steps - Adding a product to cart
2026-04-20 16:05:12 INFO  stepDefinitions.Steps - user clicks checkout
2026-04-20 16:05:22 INFO  stepDefinitions.Steps - user enter payment details
2026-04-20 16:05:27 INFO  stepDefinitions.Steps - order placed successfully after payment
2026-04-20 16:05:28 INFO  hooks.Hooks - Scenario Passed: EndToEnd
2026-04-20 16:10:21 INFO  hooks.Hooks - Starting Scenario: EndToEnd
2026-04-20 16:10:24 INFO  stepDefinitions.Steps - User is on login page
2026-04-20 16:10:24 INFO  stepDefinitions.Steps - Entering credentials
2026-04-20 16:10:41 ERROR hooks.Hooks - Scenario Failed: EndToEnd
2026-04-20 16:11:13 INFO  hooks.Hooks - Starting Scenario: EndToEnd
2026-04-20 16:11:18 INFO  stepDefinitions.Steps - User is on login page
2026-04-20 16:11:18 INFO  stepDefinitions.Steps - Entering credentials
2026-04-20 16:11:25 INFO  stepDefinitions.Steps - looking a product details
2026-04-20 16:11:26 INFO  stepDefinitions.Steps - Adding a product to cart
2026-04-20 16:11:27 ERROR hooks.Hooks - Scenario Failed: EndToEnd
2026-04-20 16:14:31 INFO  hooks.Hooks - Starting Scenario: EndToEnd
2026-04-20 16:14:33 INFO  stepDefinitions.Steps - User is on login page
2026-04-20 16:14:33 INFO  stepDefinitions.Steps - Entering credentials
2026-04-20 16:14:42 INFO  stepDefinitions.Steps - looking a product details
2026-04-20 16:14:44 ERROR hooks.Hooks - Scenario Failed: EndToEnd
2026-04-20 16:18:17 INFO  hooks.Hooks - Starting Scenario: EndToEnd
2026-04-20 16:18:21 INFO  stepDefinitions.Steps - User is on login page
2026-04-20 16:18:21 INFO  stepDefinitions.Steps - Entering credentials
2026-04-20 16:18:27 INFO  stepDefinitions.Steps - looking a product details
2026-04-20 16:18:29 INFO  stepDefinitions.Steps - Adding a product to cart
2026-04-20 16:18:30 INFO  stepDefinitions.Steps - user clicks checkout
2026-04-20 16:18:35 INFO  stepDefinitions.Steps - user enter payment details
2026-04-20 16:18:40 INFO  stepDefinitions.Steps - order placed successfully after payment
2026-04-20 16:18:40 INFO  hooks.Hooks - Scenario Passed: EndToEnd
2026-04-20 16:19:18 INFO  hooks.Hooks - Starting Scenario: EndToEnd
2026-04-20 16:19:22 INFO  stepDefinitions.Steps - User is on login page
2026-04-20 16:19:22 INFO  stepDefinitions.Steps - Entering credentials
2026-04-20 16:19:31 INFO  stepDefinitions.Steps - looking a product details
2026-04-20 16:19:32 INFO  stepDefinitions.Steps - Adding a product to cart
2026-04-20 16:19:35 ERROR hooks.Hooks - Scenario Failed: EndToEnd
2026-04-20 16:20:52 INFO  hooks.Hooks - Starting Scenario: EndToEnd
2026-04-20 16:20:54 INFO  stepDefinitions.Steps - User is on login page
2026-04-20 16:20:54 INFO  stepDefinitions.Steps - Entering credentials
2026-04-20 16:21:03 INFO  stepDefinitions.Steps - looking a product details
2026-04-20 16:21:06 INFO  stepDefinitions.Steps - Adding a product to cart
2026-04-20 16:21:09 ERROR hooks.Hooks - Scenario Failed: EndToEnd
2026-04-20 16:23:34 INFO  hooks.Hooks - Starting Scenario: EndToEnd
2026-04-20 16:23:36 INFO  stepDefinitions.Steps - User is on login page
2026-04-20 16:23:36 INFO  stepDefinitions.Steps - Entering credentials
2026-04-20 16:23:41 INFO  stepDefinitions.Steps - looking a product details
2026-04-20 16:23:42 INFO  stepDefinitions.Steps - Adding a product to cart
2026-04-20 16:23:43 INFO  stepDefinitions.Steps - user clicks checkout
2026-04-20 16:23:54 INFO  stepDefinitions.Steps - user enter payment details
2026-04-20 16:24:00 INFO  stepDefinitions.Steps - order placed successfully after payment
2026-04-20 16:24:01 INFO  hooks.Hooks - Scenario Passed: EndToEnd
2026-04-20 16:26:07 INFO  hooks.Hooks - Starting Scenario: EndToEnd
2026-04-20 16:26:09 INFO  stepDefinitions.Steps - User is on login page
2026-04-20 16:26:10 INFO  stepDefinitions.Steps - Entering credentials
2026-04-20 16:26:16 INFO  stepDefinitions.Steps - looking a product details
2026-04-20 16:26:18 INFO  stepDefinitions.Steps - Adding a product to cart
2026-04-20 16:26:21 ERROR hooks.Hooks - Scenario Failed: EndToEnd
2026-04-20 16:27:06 INFO  hooks.Hooks - Starting Scenario: EndToEnd
2026-04-20 16:27:08 INFO  stepDefinitions.Steps - User is on login page
2026-04-20 16:27:08 INFO  stepDefinitions.Steps - Entering credentials
2026-04-20 16:27:23 INFO  stepDefinitions.Steps - looking a product details
2026-04-20 16:27:26 ERROR hooks.Hooks - Scenario Failed: EndToEnd
2026-04-20 16:34:10 INFO  hooks.Hooks - Starting Scenario: EndToEnd
2026-04-20 16:34:12 INFO  stepDefinitions.Steps - User is on login page
2026-04-20 16:34:13 INFO  stepDefinitions.Steps - Entering credentials
2026-04-20 16:34:23 INFO  stepDefinitions.Steps - looking a product details
2026-04-20 16:34:24 INFO  stepDefinitions.Steps - Adding a product to cart
2026-04-20 16:34:29 ERROR hooks.Hooks - Scenario Failed: EndToEnd
2026-04-20 17:47:11 INFO  hooks.Hooks - Starting Scenario: EndToEnd
2026-04-20 17:47:12 INFO  stepDefinitions.Steps - User is on login page
2026-04-20 17:47:13 INFO  stepDefinitions.Steps - Entering credentials
2026-04-20 17:47:23 INFO  stepDefinitions.Steps - looking a product details
2026-04-20 17:47:25 INFO  stepDefinitions.Steps - Adding a product to cart
2026-04-20 17:47:25 INFO  stepDefinitions.Steps - user clicks checkout
2026-04-20 17:47:32 INFO  stepDefinitions.Steps - user enter payment details
2026-04-20 17:47:38 INFO  stepDefinitions.Steps - order placed successfully after payment
2026-04-20 17:47:39 INFO  hooks.Hooks - Scenario Passed: EndToEnd
2026-04-20 17:48:00 INFO  hooks.Hooks - Starting Scenario: EndToEnd
2026-04-20 17:48:01 INFO  stepDefinitions.Steps - User is on login page
2026-04-20 17:48:01 INFO  stepDefinitions.Steps - Entering credentials
2026-04-20 17:48:08 INFO  stepDefinitions.Steps - looking a product details
2026-04-20 17:48:11 INFO  stepDefinitions.Steps - Adding a product to cart
2026-04-20 17:48:12 INFO  stepDefinitions.Steps - user clicks checkout
2026-04-20 17:48:22 INFO  stepDefinitions.Steps - user enter payment details
2026-04-20 17:48:27 INFO  stepDefinitions.Steps - order placed successfully after payment
2026-04-20 17:48:27 INFO  hooks.Hooks - Scenario Passed: EndToEnd
2026-04-20 17:50:04 INFO  hooks.Hooks - Starting Scenario: EndToEnd
2026-04-20 17:50:07 INFO  stepDefinitions.Steps - User is on login page
2026-04-20 17:50:07 INFO  stepDefinitions.Steps - Entering credentials
2026-04-20 17:50:13 INFO  stepDefinitions.Steps - looking a product details
2026-04-20 17:50:14 INFO  stepDefinitions.Steps - Adding a product to cart
2026-04-20 17:50:17 ERROR hooks.Hooks - Scenario Failed: EndToEnd
2026-04-20 17:51:12 INFO  hooks.Hooks - Starting Scenario: EndToEnd
2026-04-20 17:51:14 INFO  stepDefinitions.Steps - User is on login page
2026-04-20 17:51:15 INFO  stepDefinitions.Steps - Entering credentials
2026-04-20 17:51:18 INFO  stepDefinitions.Steps - looking a product details
2026-04-20 17:51:21 INFO  stepDefinitions.Steps - Adding a product to cart
2026-04-20 17:51:21 INFO  stepDefinitions.Steps - user clicks checkout
2026-04-20 17:51:28 INFO  stepDefinitions.Steps - user enter payment details
2026-04-20 17:51:33 INFO  stepDefinitions.Steps - order placed successfully after payment
2026-04-20 17:51:33 INFO  hooks.Hooks - Scenario Passed: EndToEnd
2026-04-20 17:52:01 INFO  hooks.Hooks - Starting Scenario: EndToEnd
2026-04-20 17:52:03 INFO  stepDefinitions.Steps - User is on login page
2026-04-20 17:52:03 INFO  stepDefinitions.Steps - Entering credentials
2026-04-20 17:52:10 INFO  stepDefinitions.Steps - looking a product details
2026-04-20 17:52:13 INFO  stepDefinitions.Steps - Adding a product to cart
2026-04-20 17:52:16 ERROR hooks.Hooks - Scenario Failed: EndToEnd
2026-04-20 17:56:26 INFO  hooks.Hooks - Starting Scenario: EndToEnd
2026-04-20 17:56:27 INFO  stepDefinitions.Steps - User is on login page
2026-04-20 17:56:28 INFO  stepDefinitions.Steps - Entering credentials
2026-04-20 17:56:35 INFO  stepDefinitions.Steps - looking a product details
2026-04-20 17:56:37 INFO  stepDefinitions.Steps - Adding a product to cart
2026-04-20 17:56:41 ERROR hooks.Hooks - Scenario Failed: EndToEnd
2026-04-20 17:57:39 INFO  hooks.Hooks - Starting Scenario: EndToEnd
2026-04-20 17:57:42 INFO  stepDefinitions.Steps - User is on login page
2026-04-20 17:57:42 INFO  stepDefinitions.Steps - Entering credentials
2026-04-20 17:57:47 INFO  stepDefinitions.Steps - looking a product details
2026-04-20 17:57:49 INFO  stepDefinitions.Steps - Adding a product to cart
2026-04-20 17:57:49 ERROR hooks.Hooks - Scenario Failed: EndToEnd
2026-04-20 17:59:06 INFO  hooks.Hooks - Starting Scenario: EndToEnd
2026-04-20 17:59:08 INFO  stepDefinitions.Steps - User is on login page
2026-04-20 17:59:09 INFO  stepDefinitions.Steps - Entering credentials
2026-04-20 17:59:20 INFO  stepDefinitions.Steps - looking a product details
2026-04-20 17:59:23 INFO  stepDefinitions.Steps - Adding a product to cart
2026-04-20 17:59:24 INFO  stepDefinitions.Steps - user clicks checkout
2026-04-20 17:59:33 INFO  stepDefinitions.Steps - user enter payment details
2026-04-20 17:59:38 INFO  stepDefinitions.Steps - order placed successfully after payment
2026-04-20 17:59:38 INFO  hooks.Hooks - Scenario Passed: EndToEnd
2026-04-21 10:41:16 INFO  hooks.Hooks - Starting Scenario: EndToEnd
2026-04-21 10:41:33 INFO  stepDefinitions.Steps - User is on login page
2026-04-21 10:41:38 INFO  stepDefinitions.Steps - Entering credentials
2026-04-21 10:41:48 INFO  stepDefinitions.Steps - looking a product details
2026-04-21 10:41:50 INFO  stepDefinitions.Steps - Adding a product to cart
2026-04-21 10:41:51 INFO  stepDefinitions.Steps - user clicks checkout
2026-04-21 10:41:58 INFO  stepDefinitions.Steps - user enter payment details
2026-04-21 10:42:07 INFO  stepDefinitions.Steps - order placed successfully after payment
2026-04-21 10:42:07 INFO  hooks.Hooks - Scenario Passed: EndToEnd
2026-04-21 11:08:08 INFO  hooks.Hooks - Starting Scenario: EndToEnd
2026-04-21 11:08:10 INFO  stepDefinitions.Steps - User is on login page
2026-04-21 11:08:10 INFO  stepDefinitions.Steps - Entering credentials
2026-04-21 11:08:19 INFO  stepDefinitions.Steps - looking a product details
2026-04-21 11:08:22 INFO  stepDefinitions.Steps - Adding a product to cart
2026-04-21 11:08:26 INFO  stepDefinitions.Steps - user clicks checkout
2026-04-21 11:08:57 ERROR hooks.Hooks - Scenario Failed: EndToEnd
2026-04-21 11:09:29 INFO  hooks.Hooks - Starting Scenario: EndToEnd
2026-04-21 11:09:30 INFO  stepDefinitions.Steps - User is on login page
2026-04-21 11:09:30 INFO  stepDefinitions.Steps - Entering credentials
2026-04-21 11:09:35 INFO  stepDefinitions.Steps - looking a product details
2026-04-21 11:09:36 INFO  stepDefinitions.Steps - Adding a product to cart
2026-04-21 11:09:37 INFO  stepDefinitions.Steps - user clicks checkout
2026-04-21 11:09:46 INFO  stepDefinitions.Steps - user enter payment details
2026-04-21 11:09:51 INFO  stepDefinitions.Steps - order placed successfully after payment
2026-04-21 11:09:51 INFO  hooks.Hooks - Scenario Passed: EndToEnd
2026-04-21 11:46:18 INFO  hooks.Hooks - Starting Scenario: EndToEnd
2026-04-21 11:46:21 INFO  stepDefinitions.Steps - User is on login page
2026-04-21 11:46:21 INFO  stepDefinitions.Steps - Entering credentials
2026-04-21 11:46:28 INFO  stepDefinitions.Steps - looking a product details
2026-04-21 11:46:31 INFO  stepDefinitions.Steps - Adding a product to cart
2026-04-21 11:46:35 INFO  stepDefinitions.Steps - user clicks checkout
2026-04-21 11:47:05 ERROR hooks.Hooks - Scenario Failed: EndToEnd
2026-04-21 11:47:28 INFO  hooks.Hooks - Starting Scenario: EndToEnd
2026-04-21 11:47:30 INFO  stepDefinitions.Steps - User is on login page
2026-04-21 11:47:30 INFO  stepDefinitions.Steps - Entering credentials
2026-04-21 11:47:37 INFO  stepDefinitions.Steps - looking a product details
2026-04-21 11:47:40 INFO  stepDefinitions.Steps - Adding a product to cart
2026-04-21 11:47:41 INFO  stepDefinitions.Steps - user clicks checkout
2026-04-21 11:47:52 INFO  stepDefinitions.Steps - user enter payment details
2026-04-21 11:47:58 INFO  stepDefinitions.Steps - order placed successfully after payment
2026-04-21 11:47:58 INFO  hooks.Hooks - Scenario Passed: EndToEnd
